C51 COMPILER V9.54   DELAY                                                                 06/03/2024 10:36:15 PAGE 1   


C51 COMPILER V9.54, COMPILATION OF MODULE DELAY
OBJECT MODULE PLACED IN .\Objects\delay.obj
COMPILER INVOKED BY: D:\App\Keil_v5\C51\BIN\C51.EXE Utility\delay.c LARGE OPTIMIZE(8,SPEED) BROWSE DEBUG OBJECTEXTEND PR
                    -INT(.\Listings\delay.lst) TABS(2) OBJECT(.\Objects\delay.obj)

line level    source

   1          
   2          #include <reg51.h>
   3          #include <intrins.h>
   4          #include "delay.h"
   5          
   6          void delay_us(unsigned char us)
   7          {
   8   1          int i = 0;
   9   1          while (us--)
  10   1              for (i = 0; i < 12; i++)
  11   1                  ; // 空操作循环，大约1us
  12   1      }
  13          
  14          void delay_ms(unsigned char ms)
  15          {
  16   1          while (ms--)
  17   1              // delay_us(1000);
  18   1              delay_us(800);
  19   1      }


MODULE INFORMATION:   STATIC OVERLAYABLE
   CODE SIZE        =     44    ----
   CONSTANT SIZE    =   ----    ----
   XDATA SIZE       =   ----    ----
   PDATA SIZE       =   ----    ----
   DATA SIZE        =   ----    ----
   IDATA SIZE       =   ----    ----
   BIT SIZE         =   ----    ----
END OF MODULE INFORMATION.


C51 COMPILATION COMPLETE.  0 WARNING(S),  0 ERROR(S)
