C51 COMPILER V9.54   DYNAMICLED                                                            06/03/2024 17:28:04 PAGE 1   


C51 COMPILER V9.54, COMPILATION OF MODULE DYNAMICLED
OBJECT MODULE PLACED IN .\Objects\DynamicLed.obj
COMPILER INVOKED BY: D:\App\Keil_v5\C51\BIN\C51.EXE LED\DynamicLed.c LARGE OPTIMIZE(8,SPEED) BROWSE DEBUG OBJECTEXTEND P
                    -RINT(.\Listings\DynamicLed.lst) TABS(2) OBJECT(.\Objects\DynamicLed.obj)

line level    source

   1          #include <reg52.h>
   2          #include "../Utility/delay.h"
   3          #include "../Utility/CommData.h"
   4          #include "DynamicLed.h"
   5          
   6          sbit LSA = P2 ^ 2;
   7          sbit LSB = P2 ^ 3;
   8          sbit LSC = P2 ^ 4;
   9          
  10          void DigDisplay(unsigned char *DisplayData)
  11          {
  12   1          unsigned char i;
  13   1          for (i = 0; i < 6; i++)
  14   1          {
  15   2              switch (i) // 位选，选择点亮的数码管，
  16   2              {
  17   3              case (0):
  18   3                  LSA = 0;
  19   3                  LSB = 0;
  20   3                  LSC = 0;
  21   3                  break; // 显示第0位
  22   3              case (1):
  23   3                  LSA = 1;
  24   3                  LSB = 0;
  25   3                  LSC = 0;
  26   3                  break; // 显示第1位
  27   3              case (2):
  28   3                  LSA = 0;
  29   3                  LSB = 1;
  30   3                  LSC = 0;
  31   3                  break; // 显示第2位
  32   3              case (3):
  33   3                  LSA = 1;
  34   3                  LSB = 1;
  35   3                  LSC = 0;
  36   3                  break; // 显示第3位
  37   3              case (4):
  38   3                  LSA = 0;
  39   3                  LSB = 0;
  40   3                  LSC = 1;
  41   3                  break; // 显示第4位
  42   3              case (5):
  43   3                  LSA = 1;
  44   3                  LSB = 0;
  45   3                  LSC = 1;
  46   3                  break; // 显示第5位
  47   3              }
  48   2              P0 = DisplayData[i]; // 发送数据
  49   2              delay_ms(10);        // 间隔一段时间扫描
  50   2              P0 = 0x00;           // 消隐
  51   2          }
  52   1      }


C51 COMPILER V9.54   DYNAMICLED                                                            06/03/2024 17:28:04 PAGE 2   

MODULE INFORMATION:   STATIC OVERLAYABLE
   CODE SIZE        =    118    ----
   CONSTANT SIZE    =   ----    ----
   XDATA SIZE       =   ----       4
   PDATA SIZE       =   ----    ----
   DATA SIZE        =   ----    ----
   IDATA SIZE       =   ----    ----
   BIT SIZE         =   ----    ----
END OF MODULE INFORMATION.


C51 COMPILATION COMPLETE.  0 WARNING(S),  0 ERROR(S)
