C51 COMPILER V9.54   EEPROM                                                                06/03/2024 11:34:31 PAGE 1   


C51 COMPILER V9.54, COMPILATION OF MODULE EEPROM
OBJECT MODULE PLACED IN .\Objects\EEPROM.obj
COMPILER INVOKED BY: D:\App\Keil_v5\C51\BIN\C51.EXE ROM\EEPROM.c LARGE OPTIMIZE(8,SPEED) BROWSE DEBUG OBJECTEXTEND PRINT
                    -(.\Listings\EEPROM.lst) TABS(2) OBJECT(.\Objects\EEPROM.obj)

line level    source

   1          /**************************************************************************************
   2          *                 EEPROM-IIC实验                          *
   3          实现现象：具体接线操作请看视频。
   4                    下载程序后数码管后4位显示0，按K1保存显示的数据，按K2读取上次保存的
             -数据，
   5                    按K3显示数据加一，按K4显示数据清零。最大能写入的数据是255.
   6          
   7          注意事项：由于P3.2口跟红外线共用，所以做按键实验时为了不让红外线影响实验
             -效果，最好把红外线先取下来。
   8          ***************************************************************************************/
   9          
  10          #include "reg52.h" //此文件中定义了单片机的一些特殊功能寄存器
  11          #include "i2c.h"
  12          #include "EEPROM.h"
  13          #include "../Utility/delay.h"
  14          #include "../Utility/CommData.h"
  15          #include "../LED/DynamicLed.h"
  16          
  17          typedef unsigned int u16; // 对数据类型进行声明定义
  18          typedef unsigned char u8;
  19          
  20          sbit k1 = P3 ^ 0; // 保存数据
  21          sbit k2 = P3 ^ 1; // 读取数据
  22          sbit k3 = P3 ^ 2; // 累加数据
  23          sbit k4 = P3 ^ 3; // 清零数据
  24          
  25          char num = 0;
  26          u8 disp[4];
  27          
  28          /*******************************************************************************
  29           * 函数名         :Keypros()
  30           * 函数功能    :按键处理函数
  31           * 输入           : 无
  32           * 输出            : 无
  33           *******************************************************************************/
  34          void Keypros()
  35          {
  36   1          if (k1 == 0)
  37   1          {
  38   2              delay_ms(10); // 消抖处理
  39   2              if (k1 == 0)
  40   2              {
  41   3                  At24c02Write(1, num); // 在地址1内写入数据num
  42   3              }
  43   2              while (!k1)
  44   2                  ;
  45   2          }
  46   1          if (k2 == 0)
  47   1          {
  48   2              delay_ms(10); // 消抖处理
  49   2              if (k2 == 0)
  50   2              {
  51   3                  num = At24c02Read(1); // 读取EEPROM地址1内的数据保存在num中
  52   3              }
C51 COMPILER V9.54   EEPROM                                                                06/03/2024 11:34:31 PAGE 2   

  53   2              while (!k2)
  54   2                  ;
  55   2          }
  56   1          if (k3 == 0)
  57   1          {
  58   2              delay_ms(10); // 消抖处理
  59   2              if (k3 == 0)
  60   2              {
  61   3                  num++; // 数据加1
  62   3                  if (num > 255)
  63   3                      num = 0;
  64   3              }
  65   2              while (!k3)
  66   2                  ;
  67   2          }
  68   1          if (k4 == 0)
  69   1          {
  70   2              delay_ms(10); // 消抖处理
  71   2              if (k4 == 0)
  72   2              {
  73   3                  num = 0; // 数据清零
  74   3              }
  75   2              while (!k4)
  76   2                  ;
  77   2          }
  78   1      }
  79          
  80          /*******************************************************************************
  81           * 函数名         :datapros()
  82           * 函数功能    :数据处理函数
  83           * 输入           : 无
  84           * 输出            : 无
  85           *******************************************************************************/
  86          void datapros()
  87          {
  88   1          disp[0] = smgduan[num / 1000];            // 千位
  89   1          disp[1] = smgduan[num % 1000 / 100];      // 百位
  90   1          disp[2] = smgduan[num % 1000 % 100 / 10]; // 个位
  91   1          disp[3] = smgduan[num % 1000 % 100 % 10];
  92   1      }
  93          
  94          /*******************************************************************************
  95           * 函 数 名       : main
  96           * 函数功能    : 主函数
  97           * 输    入       : 无
  98           * 输    出      : 无
  99           *******************************************************************************/
 100          void TestEEPROM()
 101          {
 102   1          while (1)
 103   1          {
 104   2              Keypros();        // 按键处理函数
 105   2              datapros();       // 数据处理函数
 106   2              DigDisplay(disp); // 数码管显示函数
 107   2          }
 108   1      }


MODULE INFORMATION:   STATIC OVERLAYABLE
   CODE SIZE        =    271    ----
   CONSTANT SIZE    =   ----    ----
   XDATA SIZE       =      5    ----
C51 COMPILER V9.54   EEPROM                                                                06/03/2024 11:34:31 PAGE 3   

   PDATA SIZE       =   ----    ----
   DATA SIZE        =   ----    ----
   IDATA SIZE       =   ----    ----
   BIT SIZE         =   ----    ----
END OF MODULE INFORMATION.


C51 COMPILATION COMPLETE.  0 WARNING(S),  0 ERROR(S)
