C51 COMPILER V9.54   IR                                                                    07/03/2024 22:49:23 PAGE 1   


C51 COMPILER V9.54, COMPILATION OF MODULE IR
OBJECT MODULE PLACED IN .\Objects\ir.obj
COMPILER INVOKED BY: D:\App\Keil_v5\C51\BIN\C51.EXE IR\ir.c LARGE OPTIMIZE(8,SPEED) BROWSE DEBUG OBJECTEXTEND PRINT(.\Li
                    -stings\ir.lst) TABS(2) OBJECT(.\Objects\ir.obj)

line level    source

   1          /**************************************************************************************
   2          *                 红外通信实验                          *
   3          实现现象：  具体接线操作请参考视频
   4                下载程序后，数码管显示红外遥控键值数据
   5          注意事项：  红外遥控模块的短接片J1短接，
   6                红外遥控器内的电池绝缘片一定要抽掉
   7          ***************************************************************************************/
   8          
   9          #include "reg52.h" //此文件中定义了单片机的一些特殊功能寄存器
  10          #include <intrins.h>
  11          #include "ir.h"
  12          #include "../Utility/CommData.h"
  13          #include "../LED/DynamicLed.h"
  14          #include "../Utility/delay.h"
  15          
  16          typedef unsigned int u16; // 对数据类型进行声明定义
  17          typedef unsigned char u8;
  18          
  19          sbit IRIN = P3 ^ 2; //  P3.2/INT0
  20          
  21          u8 IrValue[6];
  22          
  23          /*******************************************************************************
  24           * 函数名         : IrInit()
  25           * 函数功能      : 初始化红外线接收
  26           * 输入           : 无
  27           * 输出            : 无
  28           *******************************************************************************/
  29          
  30          void IrInit()
  31          {
  32   1        IT0 = 1; // 下降沿触发
  33   1        EX0 = 1; // 打开中断0允许
  34   1        EA = 1;  // 打开总中断
  35   1      
  36   1        IRIN = 1; // 初始化端口
  37   1      }
  38          
  39          /*******************************************************************************
  40           * 函数名         : ReadIr()
  41           * 函数功能      : 读取红外数值的中断函数
  42           * 输入           : 无
  43           * 输出            : 无
  44           *******************************************************************************/
  45          
  46          // 数据格式：起始码(9ms 低电平 + 4.5ms 高电平)、用户码、用户反码、数据码、数据码反码
  47          void ReadIr() interrupt 0
  48          {
  49   1        u8 j, k;
  50   1        u16 err;
  51   1        u8 Time = 0;
  52   1        delay_10us(700); // 7ms
  53   1        if (IRIN == 0)   // 确认是否真的接收到正确的信号
  54   1        {
C51 COMPILER V9.54   IR                                                                    07/03/2024 22:49:23 PAGE 2   

  55   2          // 9ms 低电平
  56   2          err = 1000;            // 1000*10us=10ms,超过说明接收到错误的信号
  57   2          while ((IRIN == 0) && (err > 0)) // 等待前面9ms的低电平过去
  58   2          {
  59   3            delay_10us(1);
  60   3            err--;
  61   3          }
  62   2          if (IRIN == 1) // 如果正确等到9ms低电平
  63   2          {
  64   3            err = 500;
  65   3            // 4.5ms 高电平
  66   3            while ((IRIN == 1) && (err > 0)) // 等待4.5ms的起始高电平过去
  67   3            {
  68   4              delay_10us(1);
  69   4              err--;
  70   4            }
  71   3      
  72   3            // 数据：用户码、用户反码、数据码、数据码反码
  73   3            for (k = 0; k < 4; k++) // 共有4组数据
  74   3            {
  75   4              for (j = 0; j < 8; j++) // 接收一组数据
  76   4              {
  77   5                // 0.56ms 低电平
  78   5                err = 60;
  79   5                while ((IRIN == 0) && (err > 0)) // 等待信号前面的560us低电平过去
  80   5                {
  81   6                  delay_10us(1);
  82   6                  err--;
  83   6                }
  84   5      
  85   5                // 脉冲位置调制：度量高电平的时间长度
  86   5                err = 500;
  87   5                while ((IRIN == 1) && (err > 0)) // 计算高电平的时间长度。
  88   5                {
  89   6                  delay_10us(10); // 0.1ms
  90   6                  Time++;
  91   6                  err--;
  92   6                  if (Time > 30)
  93   6                  {
  94   7                    return;
  95   7                  }
  96   6                }
  97   5      
  98   5                IrValue[k] >>= 1; // k表示第几组数据  (读数据 >>= 在前，写数据 >>= 在后)
  99   5                if (Time >= 8)    // 如果高电平出现大于565us，那么是1
 100   5                {
 101   6                  IrValue[k] |= 0x80;
 102   6                }
 103   5                Time = 0; // 用完时间要重新赋值
 104   5              }
 105   4            }
 106   3          }
 107   2          if (IrValue[2] != ~IrValue[3])
 108   2          {
 109   3            return;
 110   3          }
 111   2        }
 112   1      }
 113          
 114          void TestIR()
 115          {
 116   1        IrInit();
C51 COMPILER V9.54   IR                                                                    07/03/2024 22:49:23 PAGE 3   

 117   1        while (1)
 118   1        {
 119   2          DisplayData[0] = smgduan[IrValue[2] / 16];
 120   2          DisplayData[1] = smgduan[IrValue[2] % 16];
 121   2          DisplayData[2] = smgduan[16];
 122   2          DigDisplay();
 123   2        }
 124   1      }


MODULE INFORMATION:   STATIC OVERLAYABLE
   CODE SIZE        =    437    ----
   CONSTANT SIZE    =   ----    ----
   XDATA SIZE       =      6       5
   PDATA SIZE       =   ----    ----
   DATA SIZE        =   ----    ----
   IDATA SIZE       =   ----    ----
   BIT SIZE         =   ----    ----
END OF MODULE INFORMATION.


C51 COMPILATION COMPLETE.  0 WARNING(S),  0 ERROR(S)
