C51 COMPILER V9.54   LEDMATRIX                                                             05/25/2024 16:18:02 PAGE 1   


C51 COMPILER V9.54, COMPILATION OF MODULE LEDMATRIX
OBJECT MODULE PLACED IN .\Objects\LedMatrix.obj
COMPILER INVOKED BY: D:\App\Keil_v5\C51\BIN\C51.EXE LED\LedMatrix.c OPTIMIZE(8,SPEED) BROWSE DEBUG OBJECTEXTEND PRINT(.\
                    -Listings\LedMatrix.lst) TABS(2) OBJECT(.\Objects\LedMatrix.obj)

line level    source

   1          /*******************************************************************************
   2          8x8 LED 点阵
   3          
   4          *******************************************************************************/
   5          
   6          #include <reg51.h>
   7          
   8          //--定义要使用的IO口--//
   9          #define READPORTS P2
  10          #define GREENPORTS P1
  11          #define COMMONPORTS P0
  12          
  13          unsigned char code taba[] = {0xfe, 0xfd, 0xfb, 0xf7, 0xef, 0xdf, 0xbf, 0x7f}; // 纵条表
  14          unsigned char code tabb[] = {0x01, 0x02, 0x04, 0x08, 0x10, 0x20, 0x40, 0x80}; // 衡条表
  15          
  16          //--列选通控制--//
  17          unsigned char code TAB[8] = {0x7f, 0xbf, 0xdf, 0xef, 0xf7, 0xfb, 0xfd, 0xfe};
  18          
  19          //--点阵字码--//
  20          unsigned char code CHARCODE[18][8] = {
  21          
  22              {0x00, 0x00, 0x3e, 0x41, 0x41, 0x41, 0x3e, 0x00}, // 0
  23          
  24              {0x00, 0x00, 0x00, 0x00, 0x21, 0x7f, 0x01, 0x00}, // 1
  25          
  26              {0x00, 0x00, 0x27, 0x45, 0x45, 0x45, 0x39, 0x00}, // 2
  27          
  28              {0x00, 0x00, 0x22, 0x49, 0x49, 0x49, 0x36, 0x00}, // 3
  29          
  30              {0x00, 0x00, 0x0c, 0x14, 0x24, 0x7f, 0x04, 0x00}, // 4
  31          
  32              {0x00, 0x00, 0x72, 0x51, 0x51, 0x51, 0x4e, 0x00}, // 5
  33          
  34              {0x00, 0x00, 0x3e, 0x49, 0x49, 0x49, 0x26, 0x00}, // 6
  35          
  36              {0x00, 0x00, 0x40, 0x40, 0x40, 0x4f, 0x70, 0x00}, // 7
  37          
  38              {0x00, 0x00, 0x36, 0x49, 0x49, 0x49, 0x36, 0x00}, // 8
  39          
  40              {0x00, 0x00, 0x32, 0x49, 0x49, 0x49, 0x3e, 0x00}, // 9
  41          
  42              {0x00, 0x00, 0x7F, 0x48, 0x48, 0x30, 0x00, 0x00}, // P
  43          
  44              {0x00, 0x00, 0x7F, 0x48, 0x4C, 0x73, 0x00, 0x00}, // R
  45          
  46              {0x00, 0x00, 0x7F, 0x49, 0x49, 0x49, 0x00, 0x00}, // E
  47          
  48              {0x00, 0x00, 0x3E, 0x41, 0x41, 0x62, 0x00, 0x00}, // C
  49          
  50              {0x00, 0x00, 0x7F, 0x08, 0x08, 0x7F, 0x00, 0x00}, // H
  51          
  52              {0x00, 0x00, 0x00, 0xFF, 0xFF, 0x00, 0x00, 0x00}, // I
  53          
  54              {0x00, 0x7F, 0x10, 0x08, 0x04, 0x7F, 0x00, 0x00}, // N
C51 COMPILER V9.54   LEDMATRIX                                                             05/25/2024 16:18:02 PAGE 2   

  55          
  56              {0x7C, 0x48, 0x48, 0xFF, 0x48, 0x48, 0x7C, 0x00} // 中
  57          
  58          };
  59          
  60          void delay1(void)
  61          {
  62   1          unsigned char i, j, k;
  63   1      
  64   1          for (k = 10; k > 0; k--) // 循环时间是 10*20*248次
  65   1              for (i = 20; i > 0; i--)
  66   1                  for (j = 248; j > 0; j--)
  67   1                      ;
  68   1      }
  69          
  70          void ShowRoll(void)
  71          {
  72   1          unsigned char i, j;
  73   1      
  74   1          while (1)
  75   1          {
  76   2              for (j = 0; j < 3; j++) // 从左到右3次
  77   2              {
  78   3                  for (i = 0; i < 8; i++) // 循环8次逐条点亮8个LED点阵灯
  79   3                  {
  80   4                      P2 = taba[i];
  81   4                      P0 = 0xff;
  82   4                      delay1();
  83   4                  }
  84   3              }
  85   2      
  86   2              for (j = 0; j < 3; j++) // 从右到左3次
  87   2              {
  88   3                  for (i = 0; i < 8; i++) // 循环8次逐条点亮8个LED点阵灯
  89   3                  {
  90   4                      P2 = taba[7 - i];
  91   4                      P0 = 0xff;
  92   4                      delay1();
  93   4                  }
  94   3              }
  95   2      
  96   2              for (j = 0; j < 3; j++) // 从上到下3次
  97   2              {
  98   3                  for (i = 0; i < 8; i++) // 循环8次逐条点亮8个LED点阵灯
  99   3                  {
 100   4                      P2 = 0x00;
 101   4                      P0 = tabb[7 - i];
 102   4      
 103   4                      delay1();
 104   4                  }
 105   3              }
 106   2      
 107   2              for (j = 0; j < 3; j++) // 从下到上3次
 108   2              {
 109   3                  for (i = 0; i < 8; i++) // 循环8次逐条点亮8个LED点阵灯
 110   3                  {
 111   4                      P2 = 0x00;
 112   4                      P0 = tabb[i];
 113   4      
 114   4                      delay1();
 115   4                  }
 116   3              }
C51 COMPILER V9.54   LEDMATRIX                                                             05/25/2024 16:18:02 PAGE 3   

 117   2          }
 118   1      }
 119          
 120          // 点阵流动显示1、2、3、4.....
 121          void ShowNumber()
 122          {
 123   1          unsigned char tab, j;
 124   1          unsigned int i;
 125   1      
 126   1          while (1)
 127   1          {
 128   2              for (i = 0; i < 5000; i++) // 两个字之间的扫描间隔时间
 129   2              {
 130   3                  for (tab = 0; tab < 8; tab++)
 131   3                  {
 132   4                      READPORTS = 0xFF;               // 消隐
 133   4                      COMMONPORTS = CHARCODE[j][tab]; // 输出字码
 134   4                      READPORTS = TAB[tab];
 135   4                  }
 136   3              }
 137   2              j++;
 138   2              if (j == 18)
 139   2              {
 140   3                  j = 0;
 141   3              }
 142   2          }
 143   1      }


MODULE INFORMATION:   STATIC OVERLAYABLE
   CODE SIZE        =    219    ----
   CONSTANT SIZE    =    168    ----
   XDATA SIZE       =   ----    ----
   PDATA SIZE       =   ----    ----
   DATA SIZE        =   ----       1
   IDATA SIZE       =   ----    ----
   BIT SIZE         =   ----    ----
END OF MODULE INFORMATION.


C51 COMPILATION COMPLETE.  0 WARNING(S),  0 ERROR(S)
