C51 COMPILER V9.54   NRF24L01                                                              07/03/2024 22:49:22 PAGE 1   


C51 COMPILER V9.54, COMPILATION OF MODULE NRF24L01
OBJECT MODULE PLACED IN .\Objects\NRF24L01.obj
COMPILER INVOKED BY: D:\App\Keil_v5\C51\BIN\C51.EXE NRF24L01\NRF24L01.c LARGE OPTIMIZE(8,SPEED) BROWSE DEBUG OBJECTEXTEN
                    -D PRINT(.\Listings\NRF24L01.lst) TABS(2) OBJECT(.\Objects\NRF24L01.obj)

line level    source

   1          #include <reg51.h>
   2          #include <intrins.h>
   3          #include <string.h>
   4          #include "NRF24L01.h"
   5          #include "../Keyboard/KeyMatrix.h"
   6          #include "../Utility/delay.h"
   7          
   8          uchar TX_ADDRESS[TX_ADR_WIDTH] = {0xFF, 0xFF, 0xFF, 0xFF, 0x00};       // ÂèëÈÄÅÂú∞ÂùÄ
   9          const uchar RX_ADDRESS[RX_ADR_WIDTH] = {0xFF, 0xFF, 0xFF, 0xFF, 0xFF}; // Êé•Êî∂Âú∞ÂùÄ
  10          
  11          uchar nrf24l01_buf[32];
  12          
  13          uchar SPI_RW(uchar byte)
  14          {
  15   1          uchar bit_ctr;
  16   1          for (bit_ctr = 0; bit_ctr < 8; bit_ctr++) // ËæìÂá∫8‰Ωç
  17   1          {
  18   2              NRF_MOSI = (byte & 0x80); // MSB TO MOSI
  19   2              byte = (byte << 1);       // shift next bit to MSB
  20   2              NRF_SCK = 1;
  21   2              byte |= NRF_MISO; // capture current MISO bit
  22   2              NRF_SCK = 0;
  23   2          }
  24   1          return byte;
  25   1      }
  26          
  27          /*********************************************/
  28          /* ÂáΩÊï∞ÂäüËÉΩÔºöÁªô24L01ÁöÑÂØÑÂ≠òÂô®ÂÜôÂÄºÔºà‰∏Ä‰∏™Â≠óËäÇÔºâ */
  29          /* ÂÖ•Âè£ÂèÇÊï∞Ôºöreg   Ë¶ÅÂÜôÁöÑÂØÑÂ≠òÂô®Âú∞ÂùÄ          */
  30          /*           value ÁªôÂØÑÂ≠òÂô®ÂÜôÁöÑÂÄº            */
  31          /* Âá∫Âè£ÂèÇÊï∞Ôºöstatus Áä∂ÊÄÅÂÄº                   */
  32          /*********************************************/
  33          uchar NRF24L01_Write_Reg(uchar reg, uchar value)
  34          {
  35   1          uchar status;
  36   1      
  37   1          NRF_CSN = 0;          // CSN=0;
  38   1          status = SPI_RW(reg); // ÂèëÈÄÅÂØÑÂ≠òÂô®Âú∞ÂùÄ,Âπ∂ËØªÂèñÁä∂ÊÄÅÂÄº
  39   1          SPI_RW(value);
  40   1          NRF_CSN = 1; // CSN=1;
  41   1      
  42   1          return status;
  43   1      }
  44          /*************************************************/
  45          /* ÂáΩÊï∞ÂäüËÉΩÔºöËØª24L01ÁöÑÂØÑÂ≠òÂô®ÂÄº Ôºà‰∏Ä‰∏™Â≠óËäÇÔºâ      */
  46          /* ÂÖ•Âè£ÂèÇÊï∞Ôºöreg  Ë¶ÅËØªÁöÑÂØÑÂ≠òÂô®Âú∞ÂùÄ               */
  47          /* Âá∫Âè£ÂèÇÊï∞Ôºövalue ËØªÂá∫ÂØÑÂ≠òÂô®ÁöÑÂÄº                */
  48          /*************************************************/
  49          uchar NRF24L01_Read_Reg(uchar reg)
  50          {
  51   1          uchar value;
  52   1      
  53   1          NRF_CSN = 0; // CSN=0;
  54   1          SPI_RW(reg); // ÂèëÈÄÅÂØÑÂ≠òÂô®ÂÄº(‰ΩçÁΩÆ),Âπ∂ËØªÂèñÁä∂ÊÄÅÂÄº
C51 COMPILER V9.54   NRF24L01                                                              07/03/2024 22:49:22 PAGE 2   

  55   1          value = SPI_RW(NOP);
  56   1          NRF_CSN = 1; // CSN=1;
  57   1      
  58   1          return value;
  59   1      }
  60          /*********************************************/
  61          /* ÂáΩÊï∞ÂäüËÉΩÔºöËØª24L01ÁöÑÂØÑÂ≠òÂô®ÂÄºÔºàÂ§ö‰∏™Â≠óËäÇÔºâ   */
  62          /* ÂÖ•Âè£ÂèÇÊï∞Ôºöreg   ÂØÑÂ≠òÂô®Âú∞ÂùÄ                */
  63          /*           *pBuf ËØªÂá∫ÂØÑÂ≠òÂô®ÂÄºÁöÑÂ≠òÊîæÊï∞ÁªÑ    */
  64          /*           len   Êï∞ÁªÑÂ≠óËäÇÈïøÂ∫¶              */
  65          /* Âá∫Âè£ÂèÇÊï∞Ôºöstatus Áä∂ÊÄÅÂÄº                   */
  66          /*********************************************/
  67          uchar NRF24L01_Read_Buf(uchar reg, uchar *pBuf, uchar len)
  68          {
  69   1          uchar status, u8_ctr;
  70   1          NRF_CSN = 0;          // CSN=0
  71   1          status = SPI_RW(reg); // ÂèëÈÄÅÂØÑÂ≠òÂô®Âú∞ÂùÄ,Âπ∂ËØªÂèñÁä∂ÊÄÅÂÄº
  72   1          for (u8_ctr = 0; u8_ctr < len; u8_ctr++)
  73   1              pBuf[u8_ctr] = SPI_RW(0XFF); // ËØªÂá∫Êï∞ÊçÆ
  74   1          NRF_CSN = 1;                     // CSN=1
  75   1          return status;                   // ËøîÂõûËØªÂà∞ÁöÑÁä∂ÊÄÅÂÄº
  76   1      }
  77          /**********************************************/
  78          /* ÂáΩÊï∞ÂäüËÉΩÔºöÁªô24L01ÁöÑÂØÑÂ≠òÂô®ÂÜôÂÄºÔºàÂ§ö‰∏™Â≠óËäÇÔºâ  */
  79          /* ÂÖ•Âè£ÂèÇÊï∞Ôºöreg  Ë¶ÅÂÜôÁöÑÂØÑÂ≠òÂô®Âú∞ÂùÄ            */
  80          /*           *pBuf ÂÄºÁöÑÂ≠òÊîæÊï∞ÁªÑ               */
  81          /*           len   Êï∞ÁªÑÂ≠óËäÇÈïøÂ∫¶               */
  82          /**********************************************/
  83          uchar NRF24L01_Write_Buf(uchar reg, uchar *pBuf, uchar len)
  84          {
  85   1          uchar status, u8_ctr;
  86   1          NRF_CSN = 0;
  87   1          status = SPI_RW(reg); // ÂèëÈÄÅÂØÑÂ≠òÂô®ÂÄº(‰ΩçÁΩÆ),Âπ∂ËØªÂèñÁä∂ÊÄÅÂÄº
  88   1          for (u8_ctr = 0; u8_ctr < len; u8_ctr++)
  89   1              SPI_RW(*pBuf++); // ÂÜôÂÖ•Êï∞ÊçÆ
  90   1          NRF_CSN = 1;
  91   1          return status; // ËøîÂõûËØªÂà∞ÁöÑÁä∂ÊÄÅÂÄº
  92   1      }
  93          
  94          /*********************************************/
  95          /* ÂáΩÊï∞ÂäüËÉΩÔºö24L01Êé•Êî∂Êï∞ÊçÆ                   */
  96          /* ÂÖ•Âè£ÂèÇÊï∞Ôºörxbuf Êé•Êî∂Êï∞ÊçÆÊï∞ÁªÑ              */
  97          /* ËøîÂõûÂÄºÔºö 0   ÊàêÂäüÊî∂Âà∞Êï∞ÊçÆ                 */
  98          /*          1   Ê≤°ÊúâÊî∂Âà∞Êï∞ÊçÆ                 */
  99          /*********************************************/
 100          uchar NRF24L01_RxPacket(uchar *rxbuf)
 101          {
 102   1          uchar state;
 103   1      
 104   1          state = NRF24L01_Read_Reg(STATUS);             // ËØªÂèñÁä∂ÊÄÅÂØÑÂ≠òÂô®ÁöÑÂÄº
 105   1          NRF24L01_Write_Reg(WRITE_REG + STATUS, state); // Ê∏ÖÈô§TX_DSÊàñMAX_RT‰∏≠Êñ≠Ê†áÂøó
 106   1          if (state & RX_OK)                             // Êé•Êî∂Âà∞Êï∞ÊçÆ
 107   1          {
 108   2              NRF_CE = 0;
 109   2              NRF24L01_Read_Buf(RD_RX_PLOAD, rxbuf, RX_PLOAD_WIDTH); // ËØªÂèñÊï∞ÊçÆ
 110   2              NRF24L01_Write_Reg(FLUSH_RX, 0xff);                    // Ê∏ÖÈô§RX FIFOÂØÑÂ≠òÂô®
 111   2              NRF_CE = 1;
 112   2              delay_us(150);
 113   2              return 0;
 114   2          }
 115   1          return 1; // Ê≤°Êî∂Âà∞‰ªª‰ΩïÊï∞ÊçÆ
 116   1      }
C51 COMPILER V9.54   NRF24L01                                                              07/03/2024 22:49:22 PAGE 3   

 117          /**********************************************/
 118          /* ÂáΩÊï∞ÂäüËÉΩÔºöËÆæÁΩÆ24L01‰∏∫ÂèëÈÄÅÊ®°Âºè              */
 119          /* ÂÖ•Âè£ÂèÇÊï∞Ôºötxbuf  ÂèëÈÄÅÊï∞ÊçÆÊï∞ÁªÑ              */
 120          /* ËøîÂõûÂÄºÔºõ 0x10    ËææÂà∞ÊúÄÂ§ßÈáçÂèëÊ¨°Êï∞ÔºåÂèëÈÄÅÂ§±Ë¥•*/
 121          /*          0x20    ÊàêÂäüÂèëÈÄÅÂÆåÊàê              */
 122          /*          0xff    ÂèëÈÄÅÂ§±Ë¥•                  */
 123          /**********************************************/
 124          uchar NRF24L01_TxPacket(uchar *txbuf)
 125          {
 126   1          uchar state;
 127   1          NRF_CE = 0;                                             // CEÊãâ‰ΩéÔºå‰ΩøËÉΩ24L01ÈÖçÁΩÆ
 128   1          NRF24L01_Write_Buf(WR_TX_PLOAD, txbuf, TX_PLOAD_WIDTH); // ÂÜôÊï∞ÊçÆÂà∞TX BUF  32‰∏™Â≠óËäÇ
 129   1          NRF_CE = 1;                                             // CEÁΩÆÈ´òÔºå‰ΩøËÉΩÂèëÈÄÅ
 130   1          while (NRF_IRQ == 1)
 131   1              ;                                          // Á≠âÂæÖÂèëÈÄÅÂÆåÊàê
 132   1          state = NRF24L01_Read_Reg(STATUS);             // ËØªÂèñÁä∂ÊÄÅÂØÑÂ≠òÂô®ÁöÑÂÄº
 133   1          NRF24L01_Write_Reg(WRITE_REG + STATUS, state); // Ê∏ÖÈô§TX_DSÊàñMAX_RT‰∏≠Êñ≠Ê†áÂøó
 134   1          if (state & MAX_TX)                            // ËææÂà∞ÊúÄÂ§ßÈáçÂèëÊ¨°Êï∞
 135   1          {
 136   2              NRF24L01_Write_Reg(FLUSH_TX, 0xff); // Ê∏ÖÈô§TX FIFOÂØÑÂ≠òÂô®
 137   2              return MAX_TX;
 138   2          }
 139   1          if (state & TX_OK) // ÂèëÈÄÅÂÆåÊàê
 140   1          {
 141   2              return TX_OK;
 142   2          }
 143   1          return 0xff; // ÂèëÈÄÅÂ§±Ë¥•
 144   1      }
 145          
 146          void NRF24L01_TX_Mode(uchar *tx_addr)
 147          {
 148   1          NRF_CE = 0;
 149   1          NRF24L01_Write_Buf(WRITE_REG + TX_ADDR, tx_addr, TX_ADR_WIDTH); // ÂÜôTXËäÇÁÇπÂú∞ÂùÄ
 150   1          NRF24L01_Write_Reg(WRITE_REG + CONFIG, 0x0e);
 151   1          // NRF24L01_Write_Reg(FLUSH_RX, 0xff);
 152   1          // NRF24L01_Write_Reg(FLUSH_TX, 0xff);
 153   1          NRF_CE = 1;
 154   1      }
 155          
 156          void NRF24L01_RX_Mode(void)
 157          {
 158   1          NRF_CE = 0;
 159   1          NRF24L01_Write_Reg(WRITE_REG + CONFIG, 0x0F);
 160   1          // NRF24L01_Write_Reg(FLUSH_RX, 0xff);
 161   1          // NRF24L01_Write_Reg(FLUSH_TX, 0xff);
 162   1          NRF_CE = 1;
 163   1      }
 164          
 165          /********************************************/
 166          /* ÂáΩÊï∞ÂäüËÉΩÔºöÊ£ÄÊµã24L01ÊòØÂê¶Â≠òÂú®              */
 167          /* ËøîÂõûÂÄºÔºõ  0  Â≠òÂú®                        */
 168          /*           1  ‰∏çÂ≠òÂú®                      */
 169          /********************************************/
 170          uchar NRF24L01_Check(void)
 171          {
 172   1          uchar check_in_buf[5] = {0x11, 0x22, 0x33, 0x44, 0x55};
 173   1          uchar check_out_buf[5] = {0x00};
 174   1      
 175   1          NRF_SCK = 0;
 176   1          NRF_CSN = 1;
 177   1          NRF_CE = 0;
 178   1      
C51 COMPILER V9.54   NRF24L01                                                              07/03/2024 22:49:22 PAGE 4   

 179   1          NRF24L01_Write_Buf(WRITE_REG + TX_ADDR, check_in_buf, 5);
 180   1      
 181   1          NRF24L01_Read_Buf(READ_REG + TX_ADDR, check_out_buf, 5);
 182   1      
 183   1          if ((check_out_buf[0] == 0x11) &&
 184   1              (check_out_buf[1] == 0x22) &&
 185   1              (check_out_buf[2] == 0x33) &&
 186   1              (check_out_buf[3] == 0x44) &&
 187   1              (check_out_buf[4] == 0x55))
 188   1              return 0;
 189   1          else
 190   1              return 1;
 191   1      }
 192          
 193          void NRF24L01_Init(void)
 194          {
 195   1          while (NRF24L01_Check())
 196   1              ; // Á≠âÂæÖÊ£ÄÊµãÂà∞NRF24L01ÔºåÁ®ãÂ∫èÊâç‰ºöÂêë‰∏ãÊâßË°å
 197   1      
 198   1          NRF_CE = 0;
 199   1          NRF24L01_Write_Reg(WRITE_REG + RX_PW_P0, RX_PLOAD_WIDTH);                      // ÈÄâÊã©ÈÄöÈÅì0ÁöÑÊúâÊ
             -ïàÊï∞ÊçÆÂÆΩÂ∫¶
 200   1          NRF24L01_Write_Reg(FLUSH_RX, 0xff);                                            // Ê∏ÖÈô§RX FIFOÂØÑÂ≠òÂ
             -ô®
 201   1          NRF24L01_Write_Buf(WRITE_REG + TX_ADDR, (uchar *)TX_ADDRESS, TX_ADR_WIDTH);    // ÂÜôTXËäÇÁÇπÂú∞ÂùÄ
 202   1          NRF24L01_Write_Buf(WRITE_REG + RX_ADDR_P0, (uchar *)RX_ADDRESS, RX_ADR_WIDTH); // ËÆæÁΩÆTXËäÇÁÇπÂú∞ÂùÄ
             -,‰∏ªË¶Å‰∏∫‰∫Ü‰ΩøËÉΩACK
 203   1          NRF24L01_Write_Reg(WRITE_REG + EN_AA, 0x01);                                   // ‰ΩøËÉΩÈÄöÈÅì0ÁöÑËá™Â
             -ä®Â∫îÁ≠î
 204   1          NRF24L01_Write_Reg(WRITE_REG + EN_RXADDR, 0x01);                               // ‰ΩøËÉΩÈÄöÈÅì0ÁöÑÊé•Ê
             -î∂Âú∞ÂùÄ
 205   1          NRF24L01_Write_Reg(WRITE_REG + SETUP_RETR, 0x1a);                              // ËÆæÁΩÆËá™Âä®ÈáçÂèëÈó
             -¥ÈöîÊó∂Èó¥:500us + 86us;ÊúÄÂ§ßËá™Âä®ÈáçÂèëÊ¨°Êï∞:10Ê¨°
 206   1          NRF24L01_Write_Reg(WRITE_REG + RF_CH, 0);                                      // ËÆæÁΩÆRFÈÄöÈÅì‰∏∫2.4
             -00GHz  È¢ëÁéá=2.4+0GHz
 207   1          NRF24L01_Write_Reg(WRITE_REG + RF_SETUP, 0x0F);                                // ËÆæÁΩÆTXÂèëÂ∞ÑÂèÇÊï∞
             -,0dbÂ¢ûÁõä,2Mbps,‰ΩéÂô™Â£∞Â¢ûÁõäÂºÄÂêØ
 208   1          NRF24L01_Write_Reg(WRITE_REG + CONFIG, 0x0f);                                  // ÈÖçÁΩÆÂü∫Êú¨Â∑•‰ΩúÊ®
             -°ÂºèÁöÑÂèÇÊï∞;PWR_UP,EN_CRC,16BIT_CRC,Êé•Êî∂Ê®°Âºè,ÂºÄÂêØÊâÄÊúâ‰∏≠Êñ≠
 209   1          NRF24L01_Write_Reg(FLUSH_RX, 0xff);
 210   1          NRF24L01_Write_Reg(FLUSH_TX, 0xff);
 211   1          NRF_CE = 1; // CEÁΩÆÈ´òÔºå‰ΩøËÉΩÂèëÈÄÅ
 212   1      }
 213          
 214          void NRF24L01_TxHalfDuplex(uchar *buf, uchar addr)
 215          {
 216   1          TX_ADDRESS[4] = addr;
 217   1      
 218   1          NRF24L01_TX_Mode(TX_ADDRESS);
 219   1      
 220   1          delay_us(15);
 221   1      
 222   1          NRF24L01_TxPacket(buf);
 223   1      
 224   1          NRF24L01_RX_Mode();
 225   1      }
 226          
 227          void TestNRF24L01()
 228          {
 229   1          NRF24L01_Init();
 230   1          while (1)
 231   1          {
C51 COMPILER V9.54   NRF24L01                                                              07/03/2024 22:49:22 PAGE 5   

 232   2              if (NRF_IRQ == 0) // Â¶ÇÊûúÊó†Á∫øÊ®°ÂùóÊé•Êî∂Âà∞Êï∞ÊçÆ
 233   2              {
 234   3                  if (!NRF24L01_RxPacket(nrf24l01_buf))
 235   3                  {
 236   4                      NRF24L01_TxHalfDuplex(nrf24l01_buf, 0xA5); // Êé•Êî∂Êï∞ÊçÆÂêéÔºåÂõû‰º†
 237   4      
 238   4                      if (nrf24l01_buf[1] == '1') // Á¨¨1‰Ωç‰ª•ÂêéÊòØÊî∂Âà∞ÁöÑÂëΩ‰ª§Êï∞ÊçÆÔºårece_buf[0]ÊòØÊï∞Êç
             -Æ‰ΩçÊï∞ÈïøÂ∫¶
 239   4                          LED = 0;
 240   4                      if (nrf24l01_buf[1] == '2') // Á¨¨1‰Ωç‰ª•ÂêéÊòØÊî∂Âà∞ÁöÑÂëΩ‰ª§Êï∞ÊçÆÔºårece_buf[0]ÊòØÊï∞Êç
             -Æ‰ΩçÊï∞ÈïøÂ∫¶
 241   4                          LED = 1;
 242   4                  }
 243   3              }
 244   2      
 245   2              delay_ms(10);
 246   2          }
 247   1      }
 248          
 249          void TestNRF24L01_Key()
 250          {
 251   1          NRF24L01_Init();
 252   1          while (1)
 253   1          {
 254   2              int key = CheckKeyDown();
 255   2      
 256   2              if (NRF_IRQ == 0) // Â¶ÇÊûúÊó†Á∫øÊ®°ÂùóÊé•Êî∂Âà∞Êï∞ÊçÆ
 257   2              {
 258   3                  if (!NRF24L01_RxPacket(nrf24l01_buf))
 259   3                  {
 260   4                      NRF24L01_TxHalfDuplex(nrf24l01_buf, 0xA5); // Êé•Êî∂Êï∞ÊçÆÂêéÔºåÂõû‰º†
 261   4                  }
 262   3              }
 263   2      
 264   2              if (key > -1)
 265   2              {
 266   3                  uchar values[TX_PLOAD_WIDTH];
 267   3                  values[1] = key;
 268   3                  values[0] = 1; // strlen(values);
 269   3      
 270   3                  NRF24L01_TxHalfDuplex(values, 0xA5);
 271   3              }
 272   2      
 273   2              delay_ms(10);
 274   2          }
 275   1      }


MODULE INFORMATION:   STATIC OVERLAYABLE
   CODE SIZE        =    697    ----
   CONSTANT SIZE    =     10    ----
   XDATA SIZE       =     42      60
   PDATA SIZE       =   ----    ----
   DATA SIZE        =   ----    ----
   IDATA SIZE       =   ----    ----
   BIT SIZE         =   ----    ----
END OF MODULE INFORMATION.


C51 COMPILATION COMPLETE.  0 WARNING(S),  0 ERROR(S)
